The target system is: Generic - 4.1.99 - arm
The host system is: Linux - 6.1.0-32-arm64 - aarch64
Compiling the C compiler identification source file "CMakeCCompilerId.c" succeeded.
Compiler: /home/aki/zephyr-sdk-0.17.0/arm-zephyr-eabi/bin/arm-zephyr-eabi-gcc 
Build flags: 
Id flags: -c 

The output was:
0


Compilation of the C compiler identification source "CMakeCCompilerId.c" produced "CMakeCCompilerId.o"

The C compiler identification is GNU, found in "/home/aki/cmpt-433/work/assignment-4/build/CMakeFiles/3.25.1/CompilerIdC/CMakeCCompilerId.o"

Compiling the CXX compiler identification source file "CMakeCXXCompilerId.cpp" succeeded.
Compiler: /home/aki/zephyr-sdk-0.17.0/arm-zephyr-eabi/bin/arm-zephyr-eabi-g++ 
Build flags: 
Id flags: -c 

The output was:
0


Compilation of the CXX compiler identification source "CMakeCXXCompilerId.cpp" produced "CMakeCXXCompilerId.o"

The CXX compiler identification is GNU, found in "/home/aki/cmpt-433/work/assignment-4/build/CMakeFiles/3.25.1/CompilerIdCXX/CMakeCXXCompilerId.o"

Checking whether the ASM compiler is GNU using "--version" matched "(GNU assembler)|(GCC)|(Free Software Foundation)":
arm-zephyr-eabi-gcc (Zephyr SDK 0.17.0) 12.2.0
Copyright (C) 2022 Free Software Foundation, Inc.
This is free software; see the source for copying conditions.  There is NO
warranty; not even for MERCHANTABILITY or FITNESS FOR A PARTICULAR PURPOSE.

Determining if files stdatomic.h exist passed with the following output:
Change Dir: /home/aki/cmpt-433/work/assignment-4/build/CMakeFiles/CMakeScratch/TryCompile-EaXWjE

Run Build Command(s):/usr/bin/gmake -f Makefile cmTC_75515/fast && /usr/bin/gmake  -f CMakeFiles/cmTC_75515.dir/build.make CMakeFiles/cmTC_75515.dir/build
gmake[1]: Entering directory '/home/aki/cmpt-433/work/assignment-4/build/CMakeFiles/CMakeScratch/TryCompile-EaXWjE'
Building C object CMakeFiles/cmTC_75515.dir/HAVE_STDATOMIC_H.c.obj
/home/aki/zephyr-sdk-0.17.0/arm-zephyr-eabi/bin/arm-zephyr-eabi-gcc   -c -o CMakeFiles/cmTC_75515.dir/HAVE_STDATOMIC_H.c.obj -c /home/aki/cmpt-433/work/assignment-4/build/CMakeFiles/CMakeScratch/TryCompile-EaXWjE/HAVE_STDATOMIC_H.c
Linking C executable cmTC_75515
/usr/bin/cmake -E cmake_link_script CMakeFiles/cmTC_75515.dir/link.txt --verbose=1
/home/aki/zephyr-sdk-0.17.0/arm-zephyr-eabi/bin/arm-zephyr-eabi-gcc  -c CMakeFiles/cmTC_75515.dir/HAVE_STDATOMIC_H.c.obj -o cmTC_75515 
arm-zephyr-eabi-gcc: warning: CMakeFiles/cmTC_75515.dir/HAVE_STDATOMIC_H.c.obj: linker input file unused because linking not done
gmake[1]: Leaving directory '/home/aki/cmpt-433/work/assignment-4/build/CMakeFiles/CMakeScratch/TryCompile-EaXWjE'



Determining if files fcntl.h exist passed with the following output:
Change Dir: /home/aki/cmpt-433/work/assignment-4/build/CMakeFiles/CMakeScratch/TryCompile-T08pFD

Run Build Command(s):/usr/bin/gmake -f Makefile cmTC_3424b/fast && /usr/bin/gmake  -f CMakeFiles/cmTC_3424b.dir/build.make CMakeFiles/cmTC_3424b.dir/build
gmake[1]: Entering directory '/home/aki/cmpt-433/work/assignment-4/build/CMakeFiles/CMakeScratch/TryCompile-T08pFD'
Building C object CMakeFiles/cmTC_3424b.dir/HAVE_FCNTL_H.c.obj
/home/aki/zephyr-sdk-0.17.0/arm-zephyr-eabi/bin/arm-zephyr-eabi-gcc   -Wall -Wextra -c -o CMakeFiles/cmTC_3424b.dir/HAVE_FCNTL_H.c.obj -c /home/aki/cmpt-433/work/assignment-4/build/CMakeFiles/CMakeScratch/TryCompile-T08pFD/HAVE_FCNTL_H.c
Linking C executable cmTC_3424b
/usr/bin/cmake -E cmake_link_script CMakeFiles/cmTC_3424b.dir/link.txt --verbose=1
/home/aki/zephyr-sdk-0.17.0/arm-zephyr-eabi/bin/arm-zephyr-eabi-gcc  -Wall -Wextra -c CMakeFiles/cmTC_3424b.dir/HAVE_FCNTL_H.c.obj -o cmTC_3424b 
arm-zephyr-eabi-gcc: warning: CMakeFiles/cmTC_3424b.dir/HAVE_FCNTL_H.c.obj: linker input file unused because linking not done
gmake[1]: Leaving directory '/home/aki/cmpt-433/work/assignment-4/build/CMakeFiles/CMakeScratch/TryCompile-T08pFD'



